
2023-08-07 12:34:37...installerHook: Could not find custom/install/install_hooks.php
2023-08-07 12:34:44...installerHook: Could not find custom/install/install_hooks.php
2023-08-07 12:34:44...installerHook: Could not find custom/install/install_hooks.php
2023-08-07 12:35:00...installerHook: Could not find custom/install/install_hooks.php
2023-08-07 12:35:28...installerHook: Could not find custom/install/install_hooks.php
2023-08-07 12:35:33...installerHook: Could not find custom/install/install_hooks.php
2023-08-07 12:35:37...Begin System Check Process *************
2023-08-07 12:35:37...XML Parsing Support Found
2023-08-07 12:35:37...MBString Support Found
2023-08-07 12:35:37...ZIP Support Found
2023-08-07 12:35:37.../custom directory and subdirectory check passed
2023-08-07 12:35:37...cache directory and subdirectory check passed
2023-08-07 12:35:37.../module  directory and subdirectory check passed
2023-08-07 12:35:37.../upload directory check passed
2023-08-07 12:35:37.../zip check passed
2023-08-07 12:35:37.../BCMATH check passed
2023-08-07 12:35:37...Testing .htaccess redirects
2023-08-07 12:35:37...Passed .htaccess redirects check
2023-08-07 12:35:37...installerHook: Could not find custom/install/install_hooks.php
2023-08-07 12:35:37...php.ini location found. /opt/phpbrew/php/php-7.4.20/etc/php.ini
2023-08-07 12:35:37...Outputting HTML for System check
2023-08-07 12:35:37...No Errors were found *************
2023-08-07 12:35:39...installerHook: Could not find custom/install/install_hooks.php
2023-08-07 12:38:37...installerHook: Could not find custom/install/install_hooks.php
2023-08-07 12:38:40...installerHook: Could not find custom/install/install_hooks.php
2023-08-07 12:40:56...Begin DB Check Process *************
2023-08-07 12:40:56...testing with mysql:mysqli
2023-08-07 12:40:56...Basic form info is valid, continuing Process.
2023-08-07 12:40:56...Testing user account...
2023-08-07 12:40:56...ERROR::  The provided database host, username, and/or password is invalid, and a connection to the database could not be established.  Please enter a valid host, username and password
2023-08-07 12:40:56...Testing priviliged account...
2023-08-07 12:40:56...ERROR::  The provided database host, username, and/or password is invalid, and a connection to the database could not be established.  Please enter a valid host, username and password
2023-08-07 12:40:56...Begining to check FTS Settings.
2023-08-07 12:40:56...FTS connection results: 1
2023-08-07 12:40:56...End DB Check Process *************
2023-08-07 12:40:56...FATAL:: errors have been detected!  User will not be allowed to continue.  Errors are as follow:
2023-08-07 12:40:56..... The provided database host, username, and/or password is invalid, and a connection to the database could not be established.  Please enter a valid host, username and password
2023-08-07 12:44:05...Begin DB Check Process *************
2023-08-07 12:44:05...testing with mysql:mysqli
2023-08-07 12:44:05...Basic form info is valid, continuing Process.
2023-08-07 12:44:05...Testing user account...
2023-08-07 12:44:05...ERROR::  The provided database host, username, and/or password is invalid, and a connection to the database could not be established.  Please enter a valid host, username and password
2023-08-07 12:44:05...Testing priviliged account...
2023-08-07 12:44:05...ERROR::  The provided database host, username, and/or password is invalid, and a connection to the database could not be established.  Please enter a valid host, username and password
2023-08-07 12:44:05...Begining to check FTS Settings.
2023-08-07 12:44:05...FTS connection results: 1
2023-08-07 12:44:05...End DB Check Process *************
2023-08-07 12:44:05...FATAL:: errors have been detected!  User will not be allowed to continue.  Errors are as follow:
2023-08-07 12:44:05..... The provided database host, username, and/or password is invalid, and a connection to the database could not be established.  Please enter a valid host, username and password
2023-08-07 13:08:57...installerHook: Could not find custom/install/install_hooks.php
2023-08-08 09:20:43...installerHook: Could not find custom/install/install_hooks.php
2023-08-08 09:20:52...installerHook: Could not find custom/install/install_hooks.php
2023-08-08 09:21:00...installerHook: Could not find custom/install/install_hooks.php
2023-08-08 09:21:05...Begin System Check Process *************
2023-08-08 09:21:05...XML Parsing Support Found
2023-08-08 09:21:05...MBString Support Found
2023-08-08 09:21:05...ZIP Support Found
2023-08-08 09:21:05.../custom directory and subdirectory check passed
2023-08-08 09:21:05...cache directory and subdirectory check passed
2023-08-08 09:21:05.../module  directory and subdirectory check passed
2023-08-08 09:21:05.../upload directory check passed
2023-08-08 09:21:05.../zip check passed
2023-08-08 09:21:05.../BCMATH check passed
2023-08-08 09:21:05...Testing .htaccess redirects
2023-08-08 09:21:05...Passed .htaccess redirects check
2023-08-08 09:21:05...installerHook: Could not find custom/install/install_hooks.php
2023-08-08 09:21:05...php.ini location found. /opt/phpbrew/php/php-8.0.2/etc/php.ini
2023-08-08 09:21:05...Outputting HTML for System check
2023-08-08 09:21:05...No Errors were found *************
2023-08-08 09:21:07...installerHook: Could not find custom/install/install_hooks.php
2023-08-08 09:21:12...installerHook: Could not find custom/install/install_hooks.php
2023-08-08 09:21:14...installerHook: Could not find custom/install/install_hooks.php
2023-08-08 09:21:36...Begin DB Check Process *************
2023-08-08 09:21:36...testing with mysql:mysqli
2023-08-08 09:21:36...Basic form info is valid, continuing Process.
2023-08-08 09:21:36...Testing user account...
2023-08-08 09:21:36...ERROR::  The provided database host, username, and/or password is invalid, and a connection to the database could not be established.  Please enter a valid host, username and password
2023-08-08 09:21:36...Testing priviliged account...
2023-08-08 09:21:36...ERROR::  The provided database host, username, and/or password is invalid, and a connection to the database could not be established.  Please enter a valid host, username and password
2023-08-08 09:21:36...Begining to check FTS Settings.
2023-08-08 09:21:36...FTS connection results: 1
2023-08-08 09:21:36...End DB Check Process *************
2023-08-08 09:21:36...FATAL:: errors have been detected!  User will not be allowed to continue.  Errors are as follow:
2023-08-08 09:21:36..... The provided database host, username, and/or password is invalid, and a connection to the database could not be established.  Please enter a valid host, username and password
2023-08-15 05:51:13...installerHook: Could not find custom/install/install_hooks.php
2023-08-15 06:22:42...installerHook: Could not find custom/install/install_hooks.php
2023-08-15 06:22:47...installerHook: Could not find custom/install/install_hooks.php
2023-08-15 06:22:50...installerHook: Could not find custom/install/install_hooks.php
2023-08-15 06:22:54...Begin System Check Process *************
2023-08-15 06:22:54...XML Parsing Support Found
2023-08-15 06:22:54...MBString Support Found
2023-08-15 06:22:54...ZIP Support Found
2023-08-15 06:22:54.../custom directory and subdirectory check passed
2023-08-15 06:22:54...cache directory and subdirectory check passed
2023-08-15 06:22:54.../module  directory and subdirectory check passed
2023-08-15 06:22:54.../upload directory check passed
2023-08-15 06:22:54.../zip check passed
2023-08-15 06:22:54.../BCMATH check passed
2023-08-15 06:22:54...Testing .htaccess redirects
2023-08-15 06:22:54...Passed .htaccess redirects check
2023-08-15 06:22:54...installerHook: Could not find custom/install/install_hooks.php
2023-08-15 06:22:54...php.ini location found. /opt/phpbrew/php/php-8.0.2/etc/php.ini
2023-08-15 06:22:54...Outputting HTML for System check
2023-08-15 06:22:54...No Errors were found *************
2023-08-15 06:22:56...installerHook: Could not find custom/install/install_hooks.php
2023-08-15 06:23:01...installerHook: Could not find custom/install/install_hooks.php
2023-08-15 06:23:03...installerHook: Could not find custom/install/install_hooks.php
2023-08-15 06:23:24...Begin DB Check Process *************
2023-08-15 06:23:24...testing with mysql:mysqli
2023-08-15 06:23:24...Basic form info is valid, continuing Process.
2023-08-15 06:23:24...Testing user account...
2023-08-15 06:23:24...ERROR::  The provided database host, username, and/or password is invalid, and a connection to the database could not be established.  Please enter a valid host, username and password
2023-08-15 06:23:24...Testing priviliged account...
2023-08-15 06:23:24...ERROR::  The provided database host, username, and/or password is invalid, and a connection to the database could not be established.  Please enter a valid host, username and password
2023-08-15 06:23:24...Begining to check FTS Settings.
2023-08-15 06:23:24...FTS connection results: 1
2023-08-15 06:23:24...End DB Check Process *************
2023-08-15 06:23:24...FATAL:: errors have been detected!  User will not be allowed to continue.  Errors are as follow:
2023-08-15 06:23:24..... The provided database host, username, and/or password is invalid, and a connection to the database could not be established.  Please enter a valid host, username and password
2023-08-15 06:25:25...Begin DB Check Process *************
2023-08-15 06:25:25...testing with mysql:mysqli
2023-08-15 06:25:25...Basic form info is valid, continuing Process.
2023-08-15 06:25:25...Testing user account...
2023-08-15 06:25:25...ERROR::  The provided database host, username, and/or password is invalid, and a connection to the database could not be established.  Please enter a valid host, username and password
2023-08-15 06:25:25...Testing priviliged account...
2023-08-15 06:25:25...ERROR::  The provided database host, username, and/or password is invalid, and a connection to the database could not be established.  Please enter a valid host, username and password
2023-08-15 06:25:25...Begining to check FTS Settings.
2023-08-15 06:25:25...FTS connection results: 1
2023-08-15 06:25:25...End DB Check Process *************
2023-08-15 06:25:25...FATAL:: errors have been detected!  User will not be allowed to continue.  Errors are as follow:
2023-08-15 06:25:25..... The provided database host, username, and/or password is invalid, and a connection to the database could not be established.  Please enter a valid host, username and password
2023-08-15 06:26:42...Begin DB Check Process *************
2023-08-15 06:26:42...testing with mysql:mysqli
2023-08-15 06:26:42...Basic form info is valid, continuing Process.
2023-08-15 06:26:42...Testing user account...
2023-08-15 06:26:42...Connection made using  host: 127.0.0.1, usr: root
2023-08-15 06:26:42...Testing priviliged account...
2023-08-15 06:26:42...Connection made using  host: 127.0.0.1, usr: root
2023-08-15 06:26:42...DB not selected, will create sugarcrm
2023-08-15 06:26:42...Passed DB install check
2023-08-15 06:26:42...Begining to check FTS Settings.
2023-08-15 06:26:42...FTS connection results: 1
2023-08-15 06:26:42...End DB Check Process *************
2023-08-15 06:26:42...SUCCESS:: no errors detected!
2023-08-15 06:26:42...installerHook: Could not find custom/install/install_hooks.php
2023-08-15 06:27:04...installerHook: Could not find custom/install/install_hooks.php
2023-08-15 06:27:29...installerHook: Could not find custom/install/install_hooks.php
2023-08-15 06:27:29...calling handleSugarConfig()
2023-08-15 06:27:29...calling handleHtaccess()
2023-08-15 06:27:29...calling handleDbCreateDatabase()
2023-08-15 06:27:29...looping through all the Beans and create their tables
2023-08-15 06:27:30...processing table acl_actions
2023-08-15 06:27:30...creating table acl_actions
2023-08-15 06:27:30...creating Relationship Meta for ACLAction
2023-08-15 06:27:30...processing table acl_roles
2023-08-15 06:27:30...creating table acl_roles
2023-08-15 06:27:30...creating Relationship Meta for ACLRole
2023-08-15 06:27:30...processing table relationships
2023-08-15 06:27:30...processing table acl_role_sets
2023-08-15 06:27:30...creating table acl_role_sets
2023-08-15 06:27:30...creating Relationship Meta for ACLRoleSet
2023-08-15 06:27:30...processing table leads
2023-08-15 06:27:30...creating table leads
2023-08-15 06:27:30...creating Relationship Meta for Lead
2023-08-15 06:27:30...processing table cases
2023-08-15 06:27:30...creating table cases
2023-08-15 06:27:30...creating Relationship Meta for Case
2023-08-15 06:27:30...processing table bugs
2023-08-15 06:27:30...creating table bugs
2023-08-15 06:27:30...creating Relationship Meta for Bug
2023-08-15 06:27:30...processing table campaign_log
2023-08-15 06:27:30...creating table campaign_log
2023-08-15 06:27:30...creating Relationship Meta for CampaignLog
2023-08-15 06:27:30...processing table project
2023-08-15 06:27:30...creating table project
2023-08-15 06:27:30...creating Relationship Meta for Project
2023-08-15 06:27:30...processing table project_task
2023-08-15 06:27:30...creating table project_task
2023-08-15 06:27:30...creating Relationship Meta for ProjectTask
2023-08-15 06:27:30...processing table campaigns
2023-08-15 06:27:30...creating table campaigns
2023-08-15 06:27:30...creating Relationship Meta for Campaign
2023-08-15 06:27:30...processing table prospect_lists
2023-08-15 06:27:30...creating table prospect_lists
2023-08-15 06:27:30...creating Relationship Meta for ProspectList
2023-08-15 06:27:30...processing table prospects
2023-08-15 06:27:30...creating table prospects
2023-08-15 06:27:30...creating Relationship Meta for Prospect
2023-08-15 06:27:30...processing table email_marketing
2023-08-15 06:27:30...creating table email_marketing
2023-08-15 06:27:30...creating Relationship Meta for EmailMarketing
2023-08-15 06:27:30...processing table campaign_trkrs
2023-08-15 06:27:30...creating table campaign_trkrs
2023-08-15 06:27:30...creating Relationship Meta for CampaignTracker
2023-08-15 06:27:30...processing table releases
2023-08-15 06:27:30...creating table releases
2023-08-15 06:27:30...creating Relationship Meta for Release
2023-08-15 06:27:30...processing table emailman
2023-08-15 06:27:31...creating table emailman
2023-08-15 06:27:31...creating Relationship Meta for EmailMan
2023-08-15 06:27:31...processing table schedulers
2023-08-15 06:27:31...creating table schedulers
2023-08-15 06:27:31...creating Relationship Meta for Scheduler
2023-08-15 06:27:31...processing table job_queue
2023-08-15 06:27:31...creating table job_queue
2023-08-15 06:27:31...creating Relationship Meta for SchedulersJob
2023-08-15 06:27:31...processing table contacts
2023-08-15 06:27:31...creating table contacts
2023-08-15 06:27:31...creating Relationship Meta for Contact
2023-08-15 06:27:31...processing table accounts
2023-08-15 06:27:31...creating table accounts
2023-08-15 06:27:31...creating Relationship Meta for Account
2023-08-15 06:27:31...processing table opportunities
2023-08-15 06:27:31...creating table opportunities
2023-08-15 06:27:31...creating Relationship Meta for Opportunity
2023-08-15 06:27:31...processing table email_templates
2023-08-15 06:27:31...creating table email_templates
2023-08-15 06:27:31...creating Relationship Meta for EmailTemplate
2023-08-15 06:27:31...processing table users_signatures
2023-08-15 06:27:31...creating table users_signatures
2023-08-15 06:27:31...creating Relationship Meta for UserSignature
2023-08-15 06:27:31...processing table notes
2023-08-15 06:27:31...creating table notes
2023-08-15 06:27:31...creating Relationship Meta for Note
2023-08-15 06:27:31...processing table calls
2023-08-15 06:27:31...creating table calls
2023-08-15 06:27:31...creating Relationship Meta for Call
2023-08-15 06:27:31...processing table emails
2023-08-15 06:27:31...creating table emails
2023-08-15 06:27:31...creating Relationship Meta for Email
2023-08-15 06:27:31...processing table meetings
2023-08-15 06:27:31...creating table meetings
2023-08-15 06:27:31...creating Relationship Meta for Meeting
2023-08-15 06:27:31...processing table tasks
2023-08-15 06:27:32...creating table tasks
2023-08-15 06:27:32...creating Relationship Meta for Task
2023-08-15 06:27:32...processing table users
2023-08-15 06:27:32...creating table users
2023-08-15 06:27:32...creating Relationship Meta for User
2023-08-15 06:27:32...processing table users
2023-08-15 06:27:32...processing table currencies
2023-08-15 06:27:32...creating table currencies
2023-08-15 06:27:32...creating Relationship Meta for Currency
2023-08-15 06:27:32...processing table tracker
2023-08-15 06:27:32...creating table tracker
2023-08-15 06:27:32...creating Relationship Meta for Tracker
2023-08-15 06:27:32...processing table tracker_perf
2023-08-15 06:27:32...creating table tracker_perf
2023-08-15 06:27:32...creating Relationship Meta for tracker_perf
2023-08-15 06:27:32...processing table tracker_sessions
2023-08-15 06:27:32...creating table tracker_sessions
2023-08-15 06:27:32...creating Relationship Meta for tracker_sessions
2023-08-15 06:27:32...processing table tracker_queries
2023-08-15 06:27:32...creating table tracker_queries
2023-08-15 06:27:32...creating Relationship Meta for tracker_queries
2023-08-15 06:27:32...processing table import_maps
2023-08-15 06:27:32...creating table import_maps
2023-08-15 06:27:32...creating Relationship Meta for ImportMap
2023-08-15 06:27:32...processing table users_last_import
2023-08-15 06:27:32...creating table users_last_import
2023-08-15 06:27:32...creating Relationship Meta for UsersLastImport
2023-08-15 06:27:32...processing table config
2023-08-15 06:27:32...creating table config
2023-08-15 06:27:32...creating Relationship Meta for Administration
2023-08-15 06:27:32...processing table upgrade_history
2023-08-15 06:27:32...creating table upgrade_history
2023-08-15 06:27:32...creating Relationship Meta for UpgradeHistory
2023-08-15 06:27:32...processing table vcals
2023-08-15 06:27:32...creating table vcals
2023-08-15 06:27:32...creating Relationship Meta for vCal
2023-08-15 06:27:32...processing table calendar
2023-08-15 06:27:32...creating table calendar
2023-08-15 06:27:32...creating Relationship Meta for Calendar
2023-08-15 06:27:32...processing table versions
2023-08-15 06:27:32...creating table versions
2023-08-15 06:27:32...creating Relationship Meta for Version
2023-08-15 06:27:32...processing table documents
2023-08-15 06:27:32...creating table documents
2023-08-15 06:27:32...creating Relationship Meta for Document
2023-08-15 06:27:32...processing table document_revisions
2023-08-15 06:27:32...creating table document_revisions
2023-08-15 06:27:32...creating Relationship Meta for DocumentRevision
2023-08-15 06:27:32...processing table fields_meta_data
2023-08-15 06:27:32...creating table fields_meta_data
2023-08-15 06:27:32...creating Relationship Meta for FieldsMetaData
2023-08-15 06:27:32...processing table inbound_email
2023-08-15 06:27:32...creating table inbound_email
2023-08-15 06:27:32...creating Relationship Meta for InboundEmail
2023-08-15 06:27:32...processing table saved_search
2023-08-15 06:27:32...creating table saved_search
2023-08-15 06:27:32...creating Relationship Meta for SavedSearch
2023-08-15 06:27:32...processing table user_preferences
2023-08-15 06:27:32...creating table user_preferences
2023-08-15 06:27:32...creating Relationship Meta for UserPreference
2023-08-15 06:27:32...processing table email_addresses
2023-08-15 06:27:32...creating table email_addresses
2023-08-15 06:27:32...creating Relationship Meta for EmailAddress
2023-08-15 06:27:32...processing table emails_text
2023-08-15 06:27:32...creating table emails_text
2023-08-15 06:27:32...creating Relationship Meta for EmailText
2023-08-15 06:27:32...processing table saved_reports
2023-08-15 06:27:32...creating table saved_reports
2023-08-15 06:27:32...creating Relationship Meta for SavedReport
2023-08-15 06:27:32...processing table acl_fields
2023-08-15 06:27:32...creating table acl_fields
2023-08-15 06:27:32...creating Relationship Meta for ACLField
2023-08-15 06:27:32...processing table contracts
2023-08-15 06:27:32...creating table contracts
2023-08-15 06:27:32...creating Relationship Meta for Contract
2023-08-15 06:27:32...processing table teams
2023-08-15 06:27:32...creating table teams
2023-08-15 06:27:32...creating Relationship Meta for Team
2023-08-15 06:27:32...processing table team_memberships
2023-08-15 06:27:32...creating table team_memberships
2023-08-15 06:27:32...creating Relationship Meta for TeamMembership
2023-08-15 06:27:32...processing table team_sets
2023-08-15 06:27:32...creating table team_sets
2023-08-15 06:27:32...creating Relationship Meta for TeamSet
2023-08-15 06:27:32...processing table team_sets_modules
2023-08-15 06:27:32...creating table team_sets_modules
2023-08-15 06:27:32...creating Relationship Meta for TeamSetModule
2023-08-15 06:27:32...processing table team_notices
2023-08-15 06:27:32...creating table team_notices
2023-08-15 06:27:32...creating Relationship Meta for TeamNotices
2023-08-15 06:27:32...processing table product_templates
2023-08-15 06:27:33...creating table product_templates
2023-08-15 06:27:33...creating Relationship Meta for ProductTemplate
2023-08-15 06:27:33...processing table product_types
2023-08-15 06:27:33...creating table product_types
2023-08-15 06:27:33...creating Relationship Meta for ProductType
2023-08-15 06:27:33...processing table product_categories
2023-08-15 06:27:33...creating table product_categories
2023-08-15 06:27:33...creating Relationship Meta for ProductCategory
2023-08-15 06:27:33...processing table manufacturers
2023-08-15 06:27:33...creating table manufacturers
2023-08-15 06:27:33...creating Relationship Meta for Manufacturer
2023-08-15 06:27:33...processing table quotes
2023-08-15 06:27:33...creating table quotes
2023-08-15 06:27:33...creating Relationship Meta for Quote
2023-08-15 06:27:33...processing table product_bundle_notes
2023-08-15 06:27:33...creating table product_bundle_notes
2023-08-15 06:27:33...creating Relationship Meta for ProductBundleNote
2023-08-15 06:27:33...processing table products
2023-08-15 06:27:33...creating table products
2023-08-15 06:27:33...creating Relationship Meta for Product
2023-08-15 06:27:33...processing table product_bundles
2023-08-15 06:27:33...creating table product_bundles
2023-08-15 06:27:33...creating Relationship Meta for ProductBundle
2023-08-15 06:27:33...processing table revenue_line_items
2023-08-15 06:27:33...creating table revenue_line_items
2023-08-15 06:27:33...creating Relationship Meta for RevenueLineItem
2023-08-15 06:27:33...processing table shippers
2023-08-15 06:27:33...creating table shippers
2023-08-15 06:27:33...creating Relationship Meta for Shipper
2023-08-15 06:27:33...processing table taxrates
2023-08-15 06:27:33...creating table taxrates
2023-08-15 06:27:33...creating Relationship Meta for TaxRate
2023-08-15 06:27:33...processing table timeperiods
2023-08-15 06:27:33...creating table timeperiods
2023-08-15 06:27:33...creating Relationship Meta for TimePeriod
2023-08-15 06:27:33...processing table timeperiods
2023-08-15 06:27:33...processing table timeperiods
2023-08-15 06:27:33...processing table timeperiods
2023-08-15 06:27:33...processing table timeperiods
2023-08-15 06:27:33...processing table timeperiods
2023-08-15 06:27:33...processing table timeperiods
2023-08-15 06:27:33...processing table forecasts
2023-08-15 06:27:33...creating table forecasts
2023-08-15 06:27:33...creating Relationship Meta for Forecast
2023-08-15 06:27:33...processing table forecast_worksheets
2023-08-15 06:27:33...creating table forecast_worksheets
2023-08-15 06:27:33...creating Relationship Meta for ForecastWorksheet
2023-08-15 06:27:33...processing table forecast_manager_worksheets
2023-08-15 06:27:33...creating table forecast_manager_worksheets
2023-08-15 06:27:33...creating Relationship Meta for ForecastManagerWorksheet
2023-08-15 06:27:33...processing table opportunities
2023-08-15 06:27:33...processing table users
2023-08-15 06:27:33...processing table quotas
2023-08-15 06:27:33...creating table quotas
2023-08-15 06:27:33...creating Relationship Meta for Quota
2023-08-15 06:27:33...processing table workflow
2023-08-15 06:27:33...creating table workflow
2023-08-15 06:27:33...creating Relationship Meta for WorkFlow
2023-08-15 06:27:33...processing table workflow_triggershells
2023-08-15 06:27:33...creating table workflow_triggershells
2023-08-15 06:27:33...creating Relationship Meta for WorkFlowTriggerShell
2023-08-15 06:27:33...processing table workflow_alertshells
2023-08-15 06:27:33...creating table workflow_alertshells
2023-08-15 06:27:33...creating Relationship Meta for WorkFlowAlertShell
2023-08-15 06:27:33...processing table workflow_alerts
2023-08-15 06:27:33...creating table workflow_alerts
2023-08-15 06:27:33...creating Relationship Meta for WorkFlowAlert
2023-08-15 06:27:33...processing table workflow_actionshells
2023-08-15 06:27:33...creating table workflow_actionshells
2023-08-15 06:27:33...creating Relationship Meta for WorkFlowActionShell
2023-08-15 06:27:33...processing table workflow_actions
2023-08-15 06:27:33...creating table workflow_actions
2023-08-15 06:27:33...creating Relationship Meta for WorkFlowAction
2023-08-15 06:27:33...processing table expressions
2023-08-15 06:27:33...creating table expressions
2023-08-15 06:27:33...creating Relationship Meta for Expression
2023-08-15 06:27:33...processing table session_active
2023-08-15 06:27:33...creating table session_active
2023-08-15 06:27:33...creating Relationship Meta for SessionManager
2023-08-15 06:27:33...processing table contract_types
2023-08-15 06:27:33...creating table contract_types
2023-08-15 06:27:33...creating Relationship Meta for ContractType
2023-08-15 06:27:33...processing table holidays
2023-08-15 06:27:33...creating table holidays
2023-08-15 06:27:33...creating Relationship Meta for Holiday
2023-08-15 06:27:33...processing table docusign_envelopes
2023-08-15 06:27:34...creating table docusign_envelopes
2023-08-15 06:27:34...creating Relationship Meta for DocuSignEnvelope
2023-08-15 06:27:34...processing table custom_queries
2023-08-15 06:27:34...creating table custom_queries
2023-08-15 06:27:34...creating Relationship Meta for CustomQuery
2023-08-15 06:27:34...processing table data_sets
2023-08-15 06:27:34...creating table data_sets
2023-08-15 06:27:34...creating Relationship Meta for DataSet
2023-08-15 06:27:34...processing table dataset_attributes
2023-08-15 06:27:34...creating table dataset_attributes
2023-08-15 06:27:34...creating Relationship Meta for DataSet_Attribute
2023-08-15 06:27:34...processing table dataset_layouts
2023-08-15 06:27:34...creating table dataset_layouts
2023-08-15 06:27:34...creating Relationship Meta for DataSet_Layout
2023-08-15 06:27:34...processing table report_maker
2023-08-15 06:27:34...creating table report_maker
2023-08-15 06:27:34...creating Relationship Meta for ReportMaker
2023-08-15 06:27:34...processing table pmse_project
2023-08-15 06:27:34...creating table pmse_project
2023-08-15 06:27:34...creating Relationship Meta for pmse_Project
2023-08-15 06:27:34...processing table pmse_inbox
2023-08-15 06:27:34...creating table pmse_inbox
2023-08-15 06:27:34...creating Relationship Meta for pmse_Inbox
2023-08-15 06:27:34...processing table pmse_business_rules
2023-08-15 06:27:34...creating table pmse_business_rules
2023-08-15 06:27:34...creating Relationship Meta for pmse_Business_Rules
2023-08-15 06:27:34...processing table pmse_emails_templates
2023-08-15 06:27:34...creating table pmse_emails_templates
2023-08-15 06:27:34...creating Relationship Meta for pmse_Emails_Templates
2023-08-15 06:27:34...processing table pmse_bpmn_activity
2023-08-15 06:27:34...creating table pmse_bpmn_activity
2023-08-15 06:27:34...creating Relationship Meta for pmse_BpmnActivity
2023-08-15 06:27:34...processing table pmse_bpmn_artifact
2023-08-15 06:27:34...creating table pmse_bpmn_artifact
2023-08-15 06:27:34...creating Relationship Meta for pmse_BpmnArtifact
2023-08-15 06:27:34...processing table pmse_bpmn_bound
2023-08-15 06:27:34...creating table pmse_bpmn_bound
2023-08-15 06:27:34...creating Relationship Meta for pmse_BpmnBound
2023-08-15 06:27:34...processing table pmse_bpmn_data
2023-08-15 06:27:34...creating table pmse_bpmn_data
2023-08-15 06:27:34...creating Relationship Meta for pmse_BpmnData
2023-08-15 06:27:34...processing table pmse_bpmn_diagram
2023-08-15 06:27:34...creating table pmse_bpmn_diagram
2023-08-15 06:27:34...creating Relationship Meta for pmse_BpmnDiagram
2023-08-15 06:27:34...processing table pmse_bpmn_documentation
2023-08-15 06:27:34...creating table pmse_bpmn_documentation
2023-08-15 06:27:34...creating Relationship Meta for pmse_BpmnDocumentation
2023-08-15 06:27:34...processing table pmse_bpmn_event
2023-08-15 06:27:34...creating table pmse_bpmn_event
2023-08-15 06:27:34...creating Relationship Meta for pmse_BpmnEvent
2023-08-15 06:27:34...processing table pmse_bpmn_extension
2023-08-15 06:27:34...creating table pmse_bpmn_extension
2023-08-15 06:27:34...creating Relationship Meta for pmse_BpmnExtension
2023-08-15 06:27:34...processing table pmse_bpmn_flow
2023-08-15 06:27:34...creating table pmse_bpmn_flow
2023-08-15 06:27:34...creating Relationship Meta for pmse_BpmnFlow
2023-08-15 06:27:34...processing table pmse_bpmn_gateway
2023-08-15 06:27:34...creating table pmse_bpmn_gateway
2023-08-15 06:27:34...creating Relationship Meta for pmse_BpmnGateway
2023-08-15 06:27:34...processing table pmse_bpmn_lane
2023-08-15 06:27:34...creating table pmse_bpmn_lane
2023-08-15 06:27:34...creating Relationship Meta for pmse_BpmnLane
2023-08-15 06:27:34...processing table pmse_bpmn_laneset
2023-08-15 06:27:34...creating table pmse_bpmn_laneset
2023-08-15 06:27:34...creating Relationship Meta for pmse_BpmnLaneset
2023-08-15 06:27:34...processing table pmse_bpmn_participant
2023-08-15 06:27:34...creating table pmse_bpmn_participant
2023-08-15 06:27:34...creating Relationship Meta for pmse_BpmnParticipant
2023-08-15 06:27:34...processing table pmse_bpmn_process
2023-08-15 06:27:34...creating table pmse_bpmn_process
2023-08-15 06:27:34...creating Relationship Meta for pmse_BpmnProcess
2023-08-15 06:27:34...processing table pmse_bpm_flow
2023-08-15 06:27:34...creating table pmse_bpm_flow
2023-08-15 06:27:34...creating Relationship Meta for pmse_BpmFlow
2023-08-15 06:27:34...processing table pmse_bpm_thread
2023-08-15 06:27:34...creating table pmse_bpm_thread
2023-08-15 06:27:34...creating Relationship Meta for pmse_BpmThread
2023-08-15 06:27:34...processing table pmse_bpm_notes
2023-08-15 06:27:34...creating table pmse_bpm_notes
2023-08-15 06:27:34...creating Relationship Meta for pmse_BpmNotes
2023-08-15 06:27:34...processing table pmse_bpm_related_dependency
2023-08-15 06:27:34...creating table pmse_bpm_related_dependency
2023-08-15 06:27:34...creating Relationship Meta for pmse_BpmRelatedDependency
2023-08-15 06:27:34...processing table pmse_bpm_activity_user
2023-08-15 06:27:34...creating table pmse_bpm_activity_user
2023-08-15 06:27:34...creating Relationship Meta for pmse_BpmActivityUser
2023-08-15 06:27:34...processing table pmse_bpm_event_definition
2023-08-15 06:27:35...creating table pmse_bpm_event_definition
2023-08-15 06:27:35...creating Relationship Meta for pmse_BpmEventDefinition
2023-08-15 06:27:35...processing table pmse_bpm_gateway_definition
2023-08-15 06:27:35...creating table pmse_bpm_gateway_definition
2023-08-15 06:27:35...creating Relationship Meta for pmse_BpmGatewayDefinition
2023-08-15 06:27:35...processing table pmse_bpm_activity_definition
2023-08-15 06:27:35...creating table pmse_bpm_activity_definition
2023-08-15 06:27:35...creating Relationship Meta for pmse_BpmActivityDefinition
2023-08-15 06:27:35...processing table pmse_bpm_activity_step
2023-08-15 06:27:35...creating table pmse_bpm_activity_step
2023-08-15 06:27:35...creating Relationship Meta for pmse_BpmActivityStep
2023-08-15 06:27:35...processing table pmse_bpm_form_action
2023-08-15 06:27:35...creating table pmse_bpm_form_action
2023-08-15 06:27:35...creating Relationship Meta for pmse_BpmFormAction
2023-08-15 06:27:35...processing table pmse_bpm_dynamic_forms
2023-08-15 06:27:35...creating table pmse_bpm_dynamic_forms
2023-08-15 06:27:35...creating Relationship Meta for pmse_BpmDynaForm
2023-08-15 06:27:35...processing table pmse_bpm_process_definition
2023-08-15 06:27:35...creating table pmse_bpm_process_definition
2023-08-15 06:27:35...creating Relationship Meta for pmse_BpmProcessDefinition
2023-08-15 06:27:35...processing table pmse_bpm_config
2023-08-15 06:27:35...creating table pmse_bpm_config
2023-08-15 06:27:35...creating Relationship Meta for pmse_BpmConfig
2023-08-15 06:27:35...processing table pmse_bpm_group
2023-08-15 06:27:35...creating table pmse_bpm_group
2023-08-15 06:27:35...creating Relationship Meta for pmse_BpmGroup
2023-08-15 06:27:35...processing table pmse_bpm_group_user
2023-08-15 06:27:35...creating table pmse_bpm_group_user
2023-08-15 06:27:35...creating Relationship Meta for pmse_BpmGroupUser
2023-08-15 06:27:35...processing table pmse_email_message
2023-08-15 06:27:35...creating table pmse_email_message
2023-08-15 06:27:35...creating Relationship Meta for pmse_EmailMessage
2023-08-15 06:27:35...processing table business_centers
2023-08-15 06:27:35...creating table business_centers
2023-08-15 06:27:35...creating Relationship Meta for BusinessCenter
2023-08-15 06:27:35...processing table shifts
2023-08-15 06:27:35...creating table shifts
2023-08-15 06:27:35...creating Relationship Meta for Shift
2023-08-15 06:27:35...processing table shift_exceptions
2023-08-15 06:27:35...creating table shift_exceptions
2023-08-15 06:27:35...creating Relationship Meta for ShiftException
2023-08-15 06:27:35...processing table changetimers
2023-08-15 06:27:35...creating table changetimers
2023-08-15 06:27:35...creating Relationship Meta for ChangeTimer
2023-08-15 06:27:35...processing table metrics
2023-08-15 06:27:35...creating table metrics
2023-08-15 06:27:35...creating Relationship Meta for Metric
2023-08-15 06:27:35...processing table messages
2023-08-15 06:27:35...creating table messages
2023-08-15 06:27:35...creating Relationship Meta for Message
2023-08-15 06:27:35...processing table mobile_devices
2023-08-15 06:27:35...creating table mobile_devices
2023-08-15 06:27:35...creating Relationship Meta for MobileDevice
2023-08-15 06:27:35...processing table purchases
2023-08-15 06:27:35...creating table purchases
2023-08-15 06:27:35...creating Relationship Meta for Purchase
2023-08-15 06:27:35...processing table purchased_line_items
2023-08-15 06:27:35...creating table purchased_line_items
2023-08-15 06:27:35...creating Relationship Meta for PurchasedLineItem
2023-08-15 06:27:35...processing table push_notifications
2023-08-15 06:27:36...creating table push_notifications
2023-08-15 06:27:36...creating Relationship Meta for PushNotification
2023-08-15 06:27:36...processing table external_users
2023-08-15 06:27:36...creating table external_users
2023-08-15 06:27:36...creating Relationship Meta for ExternalUser
2023-08-15 06:27:36...processing table 
2023-08-15 06:27:36...processing table styleguide
2023-08-15 06:27:36...creating table styleguide
2023-08-15 06:27:36...creating Relationship Meta for Styleguide
2023-08-15 06:27:36...processing table outbound_email
2023-08-15 06:27:36...creating table outbound_email
2023-08-15 06:27:36...creating Relationship Meta for OutboundEmail
2023-08-15 06:27:36...processing table emails_email_addr_rel
2023-08-15 06:27:36...creating table emails_email_addr_rel
2023-08-15 06:27:36...creating Relationship Meta for EmailParticipant
2023-08-15 06:27:36...processing table data_privacy
2023-08-15 06:27:36...creating table data_privacy
2023-08-15 06:27:36...creating Relationship Meta for DataPrivacy
2023-08-15 06:27:36...processing table report_schedules
2023-08-15 06:27:36...creating table report_schedules
2023-08-15 06:27:36...creating Relationship Meta for ReportSchedule
2023-08-15 06:27:36...processing table notifications
2023-08-15 06:27:36...creating table notifications
2023-08-15 06:27:36...creating Relationship Meta for Notifications
2023-08-15 06:27:36...processing table eapm
2023-08-15 06:27:36...creating table eapm
2023-08-15 06:27:36...creating Relationship Meta for EAPM
2023-08-15 06:27:36...processing table oauth_consumer
2023-08-15 06:27:36...creating table oauth_consumer
2023-08-15 06:27:36...creating Relationship Meta for OAuthKey
2023-08-15 06:27:36...processing table oauth_tokens
2023-08-15 06:27:36...creating table oauth_tokens
2023-08-15 06:27:36...creating Relationship Meta for OAuthToken
2023-08-15 06:27:36...processing table sugarfavorites
2023-08-15 06:27:36...creating table sugarfavorites
2023-08-15 06:27:36...creating Relationship Meta for SugarFavorites
2023-08-15 06:27:36...processing table weblogichooks
2023-08-15 06:27:36...creating table weblogichooks
2023-08-15 06:27:36...creating Relationship Meta for WebLogicHook
2023-08-15 06:27:36...processing table activities
2023-08-15 06:27:36...creating table activities
2023-08-15 06:27:36...creating Relationship Meta for Activity
2023-08-15 06:27:36...processing table comments
2023-08-15 06:27:36...creating table comments
2023-08-15 06:27:36...creating Relationship Meta for Comment
2023-08-15 06:27:36...processing table subscriptions
2023-08-15 06:27:36...creating table subscriptions
2023-08-15 06:27:36...creating Relationship Meta for Subscription
2023-08-15 06:27:36...processing table filters
2023-08-15 06:27:36...creating table filters
2023-08-15 06:27:36...creating Relationship Meta for Filters
2023-08-15 06:27:36...processing table dashboards
2023-08-15 06:27:36...creating table dashboards
2023-08-15 06:27:36...creating Relationship Meta for Dashboard
2023-08-15 06:27:36...processing table tags
2023-08-15 06:27:36...creating table tags
2023-08-15 06:27:36...creating Relationship Meta for Tag
2023-08-15 06:27:36...processing table categories
2023-08-15 06:27:36...creating table categories
2023-08-15 06:27:36...creating Relationship Meta for Category
2023-08-15 06:27:36...processing table pubsub_moduleevent_pushsubs
2023-08-15 06:27:36...creating table pubsub_moduleevent_pushsubs
2023-08-15 06:27:36...creating Relationship Meta for PubSub_ModuleEvent_PushSub
2023-08-15 06:27:36...processing table pdfmanager
2023-08-15 06:27:37...creating table pdfmanager
2023-08-15 06:27:37...creating Relationship Meta for PdfManager
2023-08-15 06:27:37...processing table kbdocuments
2023-08-15 06:27:37...creating table kbdocuments
2023-08-15 06:27:37...creating Relationship Meta for KBDocument
2023-08-15 06:27:37...processing table kbcontents
2023-08-15 06:27:37...creating table kbcontents
2023-08-15 06:27:37...creating Relationship Meta for KBContent
2023-08-15 06:27:37...processing table kbarticles
2023-08-15 06:27:37...creating table kbarticles
2023-08-15 06:27:37...creating Relationship Meta for KBArticle
2023-08-15 06:27:37...processing table kbcontent_templates
2023-08-15 06:27:37...creating table kbcontent_templates
2023-08-15 06:27:37...creating Relationship Meta for KBContentTemplate
2023-08-15 06:27:37...processing table embedded_files
2023-08-15 06:27:37...creating table embedded_files
2023-08-15 06:27:37...creating Relationship Meta for EmbeddedFile
2023-08-15 06:27:37...processing table visual_pipeline
2023-08-15 06:27:37...creating table visual_pipeline
2023-08-15 06:27:37...creating Relationship Meta for VisualPipeline
2023-08-15 06:27:37...processing table console_configuration
2023-08-15 06:27:37...creating table console_configuration
2023-08-15 06:27:37...creating Relationship Meta for ConsoleConfiguration
2023-08-15 06:27:37...processing table sugar_live
2023-08-15 06:27:37...creating table sugar_live
2023-08-15 06:27:37...creating Relationship Meta for SugarLive
2023-08-15 06:27:37...processing table escalations
2023-08-15 06:27:37...creating table escalations
2023-08-15 06:27:37...creating Relationship Meta for Escalation
2023-08-15 06:27:37...processing table commentlog
2023-08-15 06:27:37...creating table commentlog
2023-08-15 06:27:37...creating Relationship Meta for CommentLog
2023-08-15 06:27:37...processing table data_archivers
2023-08-15 06:27:37...creating table data_archivers
2023-08-15 06:27:37...creating Relationship Meta for DataArchiver
2023-08-15 06:27:37...processing table archive_runs
2023-08-15 06:27:37...creating table archive_runs
2023-08-15 06:27:37...creating Relationship Meta for ArchiveRuns
2023-08-15 06:27:37...processing table hint_enrich_field_config
2023-08-15 06:27:37...creating table hint_enrich_field_config
2023-08-15 06:27:37...creating Relationship Meta for HintEnrichFieldConfig
2023-08-15 06:27:37...processing table hint_accountsets
2023-08-15 06:27:37...creating table hint_accountsets
2023-08-15 06:27:37...creating Relationship Meta for HintAccountset
2023-08-15 06:27:37...processing table hint_news_notifications
2023-08-15 06:27:37...creating table hint_news_notifications
2023-08-15 06:27:37...creating Relationship Meta for HintNewsNotification
2023-08-15 06:27:37...processing table hint_notification_targets
2023-08-15 06:27:37...creating table hint_notification_targets
2023-08-15 06:27:37...creating Relationship Meta for HintNotificationTarget
2023-08-15 06:27:37...processing table document_templates
2023-08-15 06:27:37...creating table document_templates
2023-08-15 06:27:37...creating Relationship Meta for DocumentTemplate
2023-08-15 06:27:37...processing table document_merges
2023-08-15 06:27:37...creating table document_merges
2023-08-15 06:27:37...creating Relationship Meta for DocumentMerge
2023-08-15 06:27:37...processing table cloud_drive_paths
2023-08-15 06:27:37...creating table cloud_drive_paths
2023-08-15 06:27:37...creating Relationship Meta for CloudDrivePath
2023-08-15 06:27:37...processing table geocode
2023-08-15 06:27:37...creating table geocode
2023-08-15 06:27:37...creating Relationship Meta for Geocode
2023-08-15 06:27:37...processing table geocode_job
2023-08-15 06:27:37...creating table geocode_job
2023-08-15 06:27:37...creating Relationship Meta for GeocodeJob
2023-08-15 06:27:37...processing table dri_workflows
2023-08-15 06:27:37...creating table dri_workflows
2023-08-15 06:27:37...creating Relationship Meta for DRI_Workflow
2023-08-15 06:27:37...processing table dri_workflow_task_templates
2023-08-15 06:27:38...creating table dri_workflow_task_templates
2023-08-15 06:27:38...creating Relationship Meta for DRI_Workflow_Task_Template
2023-08-15 06:27:38...processing table dri_subworkflows
2023-08-15 06:27:38...creating table dri_subworkflows
2023-08-15 06:27:38...creating Relationship Meta for DRI_SubWorkflow
2023-08-15 06:27:38...processing table dri_workflow_templates
2023-08-15 06:27:38...creating table dri_workflow_templates
2023-08-15 06:27:38...creating Relationship Meta for DRI_Workflow_Template
2023-08-15 06:27:38...processing table cj_web_hooks
2023-08-15 06:27:38...creating table cj_web_hooks
2023-08-15 06:27:38...creating Relationship Meta for CJ_WebHook
2023-08-15 06:27:38...processing table cj_forms
2023-08-15 06:27:38...creating table cj_forms
2023-08-15 06:27:38...creating Relationship Meta for CJ_Form
2023-08-15 06:27:38...processing table dri_subworkflow_templates
2023-08-15 06:27:38...creating table dri_subworkflow_templates
2023-08-15 06:27:38...creating Relationship Meta for DRI_SubWorkflow_Template
2023-08-15 06:27:41...Begin creating Defaults
2023-08-15 06:27:41...INSERT defaults INTO config TABLE
2023-08-15 06:27:41...Updating license information
2023-08-15 06:27:41...Creating default users
2023-08-15 06:27:44...Creating default reports
2023-08-15 06:27:45...Creating default scheduler jobs
2023-08-15 06:27:45...creating new user for Snip
2023-08-15 06:27:45...Adding default maps configurations
2023-08-15 06:27:45...Converting Opportunities to use RevenueLineItems
2023-08-15 06:27:46...Converting Opportunities Reports to use RevenueLineItems
2023-08-15 06:27:46...converting Forecasts to use RevenueLineItems
2023-08-15 06:27:47...creating default dashboards
2023-08-15 06:27:47...populating the db with seed data
2023-08-15 06:27:47...DemoData: Creating Users
2023-08-15 06:27:48...DemoData: Done Creating Users
2023-08-15 06:27:48...DemoData: Teams
2023-08-15 06:27:48...DemoData: Done Teams
2023-08-15 06:27:48...DemoData: Time Periods
2023-08-15 06:27:48...DemoData: Done Time Periods
2023-08-15 06:27:49...DemoData: Companies + Related Calls, Notes Meetings and Bugs
2023-08-15 06:28:07...DemoData: Done Companies + Related Calls, Notes Meetings and Bugs
2023-08-15 06:28:07...DemoData: Contacts
2023-08-15 06:28:45...DemoData: Done Contacts
2023-08-15 06:28:45...DemoData: Leads
2023-08-15 06:28:56...DemoData: Done Leads
2023-08-15 06:28:56...DemoData: Products Metadata
2023-08-15 06:28:56...DemoData: Done Products Metadata
2023-08-15 06:28:56...DemoData: Contracts
2023-08-15 06:28:56...DemoData: Done Contracts
2023-08-15 06:28:56...DemoData: KB
2023-08-15 06:28:57...DemoData: Done KB
2023-08-15 06:28:57...DemoData: Email Templates
2023-08-15 06:28:57...DemoData: Done Email Templates
2023-08-15 06:28:57...DemoData: Products
2023-08-15 06:28:58...DemoData: Quotes
2023-08-15 06:28:59...DemoData: Opportunities
2023-08-15 06:29:03...DemoData: Done Opportunities
2023-08-15 06:29:03...DemoData: Forecasts
2023-08-15 06:29:33...DemoData: Done Forecasts
2023-08-15 06:29:33...DemoData: Set up Opp forecast fields
2023-08-15 06:29:33...DemoData: Done with set up Opp forecast fields
2023-08-15 06:29:33...DemoData: VisualPipeline
2023-08-15 06:29:33...DemoData: Done VisualPipeline
2023-08-15 06:29:33...DemoData: ConsoleConfiguration
2023-08-15 06:29:33...DemoData: Done ConsoleConfiguration
2023-08-15 06:29:33...DemoData: Data Privacy
2023-08-15 06:29:34...DemoData: Done Data Privacy
2023-08-15 06:29:34...DemoData: Ent Reports
2023-08-15 06:29:34...DemoData: Done Ent Reports
2023-08-15 06:29:34...done populating the db with seed data
2023-08-15 06:29:34...Installing Business Process Management designs
2023-08-15 06:29:38...Process Design Process Definitions installations: 12
2023-08-15 06:29:38...Process Design Process Business Rules installations: 3
2023-08-15 06:29:38...Process Design Process Email Templates installations: 13
2023-08-15 06:29:38...Process Design files cleaned up: 12
2023-08-15 06:29:54...Completed installation of Business Process Management designs
2023-08-15 06:29:54...running full indexer
2023-08-15 06:29:59...Converting all the saved-reports-chart dashlets to the newly added report-dashlet
2023-08-15 06:29:59...Done converting all the saved-reports-chart dashlets to the newly added report-dashlet
2023-08-15 06:29:59...Done populating data *********
2023-08-15 06:30:00...Running post-install hooks
2023-08-15 06:30:00...Finished post-install hooks
2023-08-15 06:30:01...Populating file cache
2023-08-15 06:30:01...Populating metadata cache
2023-08-15 06:30:04...Installation has completed *********
2023-08-15 06:30:09...installerHook: Could not find custom/install/install_hooks.php